<?xml version="1.0" encoding="UTF-8"?>
<testng-results skipped="0" failed="0" ignored="0" total="2" passed="2">
  <reporter-output>
    <line>
      <![CDATA[f executed]]>
    </line>
    <line>
      <![CDATA[g executed]]>
    </line>
  </reporter-output>
  <suite name="Default suite" duration-ms="129" started-at="2023-01-09T10:30:54 IST" finished-at="2023-01-09T10:30:54 IST">
    <groups>
    </groups>
    <test name="Default test" duration-ms="129" started-at="2023-01-09T10:30:54 IST" finished-at="2023-01-09T10:30:54 IST">
      <class name="p1.TestA">
        <test-method status="PASS" signature="f()[pri:0, instance:p1.TestA@52feb982]" name="f" duration-ms="16" started-at="2023-01-09T10:30:54 IST" finished-at="2023-01-09T10:30:54 IST">
          <reporter-output>
            <line>
              <![CDATA[f executed]]>
            </line>
          </reporter-output>
        </test-method> <!-- f -->
        <test-method status="PASS" signature="g()[pri:0, instance:p1.TestA@52feb982]" name="g" duration-ms="0" started-at="2023-01-09T10:30:54 IST" finished-at="2023-01-09T10:30:54 IST">
          <reporter-output>
            <line>
              <![CDATA[g executed]]>
            </line>
          </reporter-output>
        </test-method> <!-- g -->
      </class> <!-- p1.TestA -->
    </test> <!-- Default test -->
  </suite> <!-- Default suite -->
</testng-results>
